<?xml version="1.0" encoding="UTF-8"?>
<testng-results skipped="0" failed="0" total="1" passed="1">
  <reporter-output>
  </reporter-output>
  <suite name="maveen" duration-ms="86693" started-at="2019-06-13T04:15:20Z" finished-at="2019-06-13T04:16:47Z">
    <groups>
      <group name="cucumber">
        <method signature="AbstractTestNGCucumberTests.feature(cucumber.api.testng.CucumberFeatureWrapper)[pri:0, instance:testrun.cucumberrun@180bc464]" name="feature" class="cucumber.api.testng.AbstractTestNGCucumberTests"/>
      </group> <!-- cucumber -->
    </groups>
    <test name="Testsuite" duration-ms="86693" started-at="2019-06-13T04:15:20Z" finished-at="2019-06-13T04:16:47Z">
      <class name="testrun.cucumberrun">
        <test-method status="PASS" signature="setUpClass()[pri:0, instance:testrun.cucumberrun@180bc464]" name="setUpClass" is-config="true" duration-ms="374" started-at="2019-06-13T09:45:20Z" finished-at="2019-06-13T09:45:21Z">
          <reporter-output>
          </reporter-output>
        </test-method> <!-- setUpClass -->
        <test-method status="PASS" signature="feature(cucumber.api.testng.CucumberFeatureWrapper)[pri:0, instance:testrun.cucumberrun@180bc464]" name="feature" duration-ms="86180" started-at="2019-06-13T09:45:21Z" description="Runs Cucumber Feature" data-provider="features" finished-at="2019-06-13T09:46:47Z">
          <params>
            <param index="0">
              <value>
                <![CDATA[Login page Validation]]>
              </value>
            </param>
          </params>
          <reporter-output>
          </reporter-output>
        </test-method> <!-- feature -->
        <test-method status="PASS" signature="tearDownClass()[pri:0, instance:testrun.cucumberrun@180bc464]" name="tearDownClass" is-config="true" duration-ms="26" started-at="2019-06-13T09:46:47Z" finished-at="2019-06-13T09:46:47Z">
          <reporter-output>
          </reporter-output>
        </test-method> <!-- tearDownClass -->
      </class> <!-- testrun.cucumberrun -->
    </test> <!-- Testsuite -->
  </suite> <!-- maveen -->
</testng-results>
