<?xml version="1.0" encoding="UTF-8"?>
<testng-results skipped="0" failed="1" total="1" passed="0">
  <reporter-output>
  </reporter-output>
  <suite name="maveen" duration-ms="636" started-at="2019-06-13T03:25:54Z" finished-at="2019-06-13T03:25:55Z">
    <groups>
      <group name="cucumber">
        <method signature="AbstractTestNGCucumberTests.feature(cucumber.api.testng.CucumberFeatureWrapper)[pri:0, instance:testrun.cucumberrun@29ee9faa]" name="feature" class="cucumber.api.testng.AbstractTestNGCucumberTests"/>
      </group> <!-- cucumber -->
    </groups>
    <test name="Testsuite" duration-ms="636" started-at="2019-06-13T03:25:54Z" finished-at="2019-06-13T03:25:55Z">
      <class name="testrun.cucumberrun">
        <test-method status="PASS" signature="setUpClass()[pri:0, instance:testrun.cucumberrun@29ee9faa]" name="setUpClass" is-config="true" duration-ms="352" started-at="2019-06-13T08:55:54Z" finished-at="2019-06-13T08:55:55Z">
          <reporter-output>
          </reporter-output>
        </test-method> <!-- setUpClass -->
        <test-method status="FAIL" signature="feature(cucumber.api.testng.CucumberFeatureWrapper)[pri:0, instance:testrun.cucumberrun@29ee9faa]" name="feature" duration-ms="15" started-at="2019-06-13T08:55:55Z" description="Runs Cucumber Feature" data-provider="features" finished-at="2019-06-13T08:55:55Z">
          <params>
            <param index="0">
              <value>
                <![CDATA[cucumber.api.testng.CucumberExceptionWrapper@306e95ec]]>
              </value>
            </param>
          </params>
          <exception class="cucumber.runtime.CucumberException">
            <message>
              <![CDATA[Error parsing feature file BDD.feature]]>
            </message>
            <full-stacktrace>
              <![CDATA[cucumber.runtime.CucumberException: Error parsing feature file BDD.feature
	at cucumber.runtime.FeatureBuilder.parse(FeatureBuilder.java:133)
	at cucumber.runtime.model.CucumberFeature.loadFromFeaturePath(CucumberFeature.java:104)
	at cucumber.runtime.model.CucumberFeature.load(CucumberFeature.java:54)
	at cucumber.runtime.model.CucumberFeature.load(CucumberFeature.java:34)
	at cucumber.runtime.RuntimeOptions.cucumberFeatures(RuntimeOptions.java:239)
	at cucumber.api.testng.TestNGCucumberRunner.getFeatures(TestNGCucumberRunner.java:85)
	at cucumber.api.testng.TestNGCucumberRunner.provideFeatures(TestNGCucumberRunner.java:94)
	at cucumber.api.testng.AbstractTestNGCucumberTests.features(AbstractTestNGCucumberTests.java:29)
	at sun.reflect.NativeMethodAccessorImpl.invoke0(Native Method)
	at sun.reflect.NativeMethodAccessorImpl.invoke(Unknown Source)
	at sun.reflect.DelegatingMethodAccessorImpl.invoke(Unknown Source)
	at java.lang.reflect.Method.invoke(Unknown Source)
	at org.testng.internal.MethodInvocationHelper.invokeMethod(MethodInvocationHelper.java:80)
	at org.testng.internal.MethodInvocationHelper.invokeDataProvider(MethodInvocationHelper.java:117)
	at org.testng.internal.Parameters.handleParameters(Parameters.java:426)
	at org.testng.internal.Invoker.handleParameters(Invoker.java:1383)
	at org.testng.internal.Invoker.createParameters(Invoker.java:1075)
	at org.testng.internal.Invoker.invokeTestMethods(Invoker.java:1180)
	at org.testng.internal.TestMethodWorker.invokeTestMethods(TestMethodWorker.java:127)
	at org.testng.internal.TestMethodWorker.run(TestMethodWorker.java:111)
	at org.testng.TestRunner.privateRun(TestRunner.java:767)
	at org.testng.TestRunner.run(TestRunner.java:617)
	at org.testng.SuiteRunner.runTest(SuiteRunner.java:334)
	at org.testng.SuiteRunner.runSequentially(SuiteRunner.java:329)
	at org.testng.SuiteRunner.privateRun(SuiteRunner.java:291)
	at org.testng.SuiteRunner.run(SuiteRunner.java:240)
	at org.testng.SuiteRunnerWorker.runSuite(SuiteRunnerWorker.java:52)
	at org.testng.SuiteRunnerWorker.run(SuiteRunnerWorker.java:86)
	at org.testng.TestNG.runSuitesSequentially(TestNG.java:1198)
	at org.testng.TestNG.runSuitesLocally(TestNG.java:1123)
	at org.testng.TestNG.run(TestNG.java:1031)
	at org.testng.remote.AbstractRemoteTestNG.run(AbstractRemoteTestNG.java:115)
	at org.testng.remote.RemoteTestNG.initAndRun(RemoteTestNG.java:251)
	at org.testng.remote.RemoteTestNG.main(RemoteTestNG.java:77)
Caused by: gherkin.parser.ParseError: Parse error at BDD.feature:2. Found comment when expecting one of: examples, feature, scenario, scenario_outline, tag. (Current getState: tag).
	at gherkin.parser.Parser$Machine.event(Parser.java:207)
	at gherkin.parser.Parser.event(Parser.java:159)
	at gherkin.parser.Parser.comment(Parser.java:138)
	at gherkin.lexer.En.scan(En.java:794)
	at gherkin.lexer.I18nLexer.scan(I18nLexer.java:36)
	at gherkin.parser.Parser.parse(Parser.java:62)
	at cucumber.runtime.FeatureBuilder.parse(FeatureBuilder.java:131)
	... 33 more
]]>
            </full-stacktrace>
          </exception> <!-- cucumber.runtime.CucumberException -->
          <reporter-output>
          </reporter-output>
        </test-method> <!-- feature -->
        <test-method status="PASS" signature="tearDownClass()[pri:0, instance:testrun.cucumberrun@29ee9faa]" name="tearDownClass" is-config="true" duration-ms="40" started-at="2019-06-13T08:55:55Z" finished-at="2019-06-13T08:55:55Z">
          <reporter-output>
          </reporter-output>
        </test-method> <!-- tearDownClass -->
      </class> <!-- testrun.cucumberrun -->
    </test> <!-- Testsuite -->
  </suite> <!-- maveen -->
</testng-results>
